0 info it worked if it ends with ok
1 verbose cli [ 'node',
1 verbose cli   '/Users/alirazaalvi/.nvm/versions/node/v0.12.6/bin/npm',
1 verbose cli   'run',
1 verbose cli   'coverage' ]
2 info using npm@3.4.0
3 info using node@v0.12.6
4 verbose run-script [ 'precoverage', 'coverage', 'postcoverage' ]
5 info lifecycle nitrogenapi@1.0.0~precoverage: nitrogenapi@1.0.0
6 silly lifecycle nitrogenapi@1.0.0~precoverage: no script for precoverage, continuing
7 info lifecycle nitrogenapi@1.0.0~coverage: nitrogenapi@1.0.0
8 verbose lifecycle nitrogenapi@1.0.0~coverage: unsafe-perm in lifecycle true
9 verbose lifecycle nitrogenapi@1.0.0~coverage: PATH: /Users/alirazaalvi/.nvm/versions/node/v0.12.6/lib/node_modules/npm/bin/node-gyp-bin:/Users/alirazaalvi/Incubator/nitrogen-api/node_modules/.bin:/Users/alirazaalvi/.nvm/versions/node/v0.12.6/bin:/usr/local/bin:/usr/bin:/bin:/usr/sbin:/sbin:/usr/local/go/bin:/usr/local/share/dotnet:~/.dotnet/tools
10 verbose lifecycle nitrogenapi@1.0.0~coverage: CWD: /Users/alirazaalvi/Incubator/nitrogen-api
11 silly lifecycle nitrogenapi@1.0.0~coverage: Args: [ '-c', 'jest --coverage' ]
12 silly lifecycle nitrogenapi@1.0.0~coverage: Returned: code: 1  signal: null
13 info lifecycle nitrogenapi@1.0.0~coverage: Failed to exec coverage script
14 verbose stack Error: nitrogenapi@1.0.0 coverage: `jest --coverage`
14 verbose stack Exit status 1
14 verbose stack     at EventEmitter.<anonymous> (/Users/alirazaalvi/.nvm/versions/node/v0.12.6/lib/node_modules/npm/lib/utils/lifecycle.js:232:16)
14 verbose stack     at EventEmitter.emit (events.js:110:17)
14 verbose stack     at ChildProcess.<anonymous> (/Users/alirazaalvi/.nvm/versions/node/v0.12.6/lib/node_modules/npm/lib/utils/spawn.js:24:14)
14 verbose stack     at ChildProcess.emit (events.js:110:17)
14 verbose stack     at maybeClose (child_process.js:1015:16)
14 verbose stack     at Process.ChildProcess._handle.onexit (child_process.js:1087:5)
15 verbose pkgid nitrogenapi@1.0.0
16 verbose cwd /Users/alirazaalvi/Incubator/nitrogen-api
17 error Darwin 18.2.0
18 error argv "node" "/Users/alirazaalvi/.nvm/versions/node/v0.12.6/bin/npm" "run" "coverage"
19 error node v0.12.6
20 error npm  v3.4.0
21 error code ELIFECYCLE
22 error nitrogenapi@1.0.0 coverage: `jest --coverage`
22 error Exit status 1
23 error Failed at the nitrogenapi@1.0.0 coverage script 'jest --coverage'.
23 error Make sure you have the latest version of node.js and npm installed.
23 error If you do, this is most likely a problem with the nitrogenapi package,
23 error not with npm itself.
23 error Tell the author that this fails on your system:
23 error     jest --coverage
23 error You can get their info via:
23 error     npm owner ls nitrogenapi
23 error There is likely additional logging output above.
24 verbose exit [ 1, true ]
